<?xml version="1.0" encoding="UTF-8"?>
<!-- Generated by org.testng.reporters.JUnitReportReporter -->
<testsuite hostname="LAPTOP-N57OT77F" failures="0" tests="1" name="module_1.submodule_1.automationtesting.OrderCompleteTest" time="12.591" errors="0" timestamp="2024-06-24T19:26:27 IST" skipped="0">
  <testcase classname="module_1.submodule_1.automationtesting.OrderCompleteTest" name="endToEndTest" time="12.591"/>
  <system-out/>
</testsuite> <!-- module_1.submodule_1.automationtesting.OrderCompleteTest -->
